<?xml version="1.0" encoding="UTF-8"?>
<!-- Generated by org.testng.reporters.JUnitReportReporter -->
<testsuite skipped="0" hostname="Sashi.local" name="smartbytes.testng.testcases.DataProviderTest" tests="80" failures="0" timestamp="20 Jun 2020 08:08:09 GMT" time="0.043" errors="0">
  <testcase name="addTest" time="0.000" classname="smartbytes.testng.testcases.DataProviderTest"/>
  <testcase name="addTest" time="0.000" classname="smartbytes.testng.testcases.DataProviderTest"/>
  <testcase name="addTest" time="0.000" classname="smartbytes.testng.testcases.DataProviderTest"/>
  <testcase name="addTest" time="0.000" classname="smartbytes.testng.testcases.DataProviderTest"/>
  <testcase name="addTest" time="0.000" classname="smartbytes.testng.testcases.DataProviderTest"/>
  <testcase name="addTest" time="0.001" classname="smartbytes.testng.testcases.DataProviderTest"/>
  <testcase name="addTest" time="0.000" classname="smartbytes.testng.testcases.DataProviderTest"/>
  <testcase name="addTest" time="0.001" classname="smartbytes.testng.testcases.DataProviderTest"/>
  <testcase name="addTest" time="0.001" classname="smartbytes.testng.testcases.DataProviderTest"/>
  <testcase name="subtractTest" time="0.001" classname="smartbytes.testng.testcases.DataProviderTest"/>
  <testcase name="addTest" time="0.000" classname="smartbytes.testng.testcases.DataProviderTest"/>
  <testcase name="subtractTest" time="0.000" classname="smartbytes.testng.testcases.DataProviderTest"/>
  <testcase name="addTest" time="0.001" classname="smartbytes.testng.testcases.DataProviderTest"/>
  <testcase name="subtractTest" time="0.001" classname="smartbytes.testng.testcases.DataProviderTest"/>
  <testcase name="addTest" time="0.000" classname="smartbytes.testng.testcases.DataProviderTest"/>
  <testcase name="addTest" time="0.001" classname="smartbytes.testng.testcases.DataProviderTest"/>
  <testcase name="subtractTest" time="0.000" classname="smartbytes.testng.testcases.DataProviderTest"/>
  <testcase name="subtractTest" time="0.000" classname="smartbytes.testng.testcases.DataProviderTest"/>
  <testcase name="subtractTest" time="0.000" classname="smartbytes.testng.testcases.DataProviderTest"/>
  <testcase name="subtractTest" time="0.001" classname="smartbytes.testng.testcases.DataProviderTest"/>
  <testcase name="subtractTest" time="0.000" classname="smartbytes.testng.testcases.DataProviderTest"/>
  <testcase name="subtractTest" time="0.000" classname="smartbytes.testng.testcases.DataProviderTest"/>
  <testcase name="subtractTest" time="0.000" classname="smartbytes.testng.testcases.DataProviderTest"/>
  <testcase name="addTest" time="0.001" classname="smartbytes.testng.testcases.DataProviderTest"/>
  <testcase name="addTest" time="0.000" classname="smartbytes.testng.testcases.DataProviderTest"/>
  <testcase name="addTest" time="0.000" classname="smartbytes.testng.testcases.DataProviderTest"/>
  <testcase name="subtractTest" time="0.001" classname="smartbytes.testng.testcases.DataProviderTest"/>
  <testcase name="subtractTest" time="0.000" classname="smartbytes.testng.testcases.DataProviderTest"/>
  <testcase name="subtractTest" time="0.000" classname="smartbytes.testng.testcases.DataProviderTest"/>
  <testcase name="addTest" time="0.000" classname="smartbytes.testng.testcases.DataProviderTest"/>
  <testcase name="addTest" time="0.000" classname="smartbytes.testng.testcases.DataProviderTest"/>
  <testcase name="addTest" time="0.001" classname="smartbytes.testng.testcases.DataProviderTest"/>
  <testcase name="subtractTest" time="0.001" classname="smartbytes.testng.testcases.DataProviderTest"/>
  <testcase name="subtractTest" time="0.000" classname="smartbytes.testng.testcases.DataProviderTest"/>
  <testcase name="subtractTest" time="0.000" classname="smartbytes.testng.testcases.DataProviderTest"/>
  <testcase name="subtractTest" time="0.001" classname="smartbytes.testng.testcases.DataProviderTest"/>
  <testcase name="subtractTest" time="0.000" classname="smartbytes.testng.testcases.DataProviderTest"/>
  <testcase name="addTest" time="0.000" classname="smartbytes.testng.testcases.DataProviderTest"/>
  <testcase name="subtractTest" time="0.001" classname="smartbytes.testng.testcases.DataProviderTest"/>
  <testcase name="addTest" time="0.000" classname="smartbytes.testng.testcases.DataProviderTest"/>
  <testcase name="addTest" time="0.010" classname="smartbytes.testng.testcases.DataProviderTest"/>
  <testcase name="addTest" time="0.000" classname="smartbytes.testng.testcases.DataProviderTest"/>
  <testcase name="subtractTest" time="0.000" classname="smartbytes.testng.testcases.DataProviderTest"/>
  <testcase name="addTest" time="0.000" classname="smartbytes.testng.testcases.DataProviderTest"/>
  <testcase name="addTest" time="0.000" classname="smartbytes.testng.testcases.DataProviderTest"/>
  <testcase name="addTest" time="0.001" classname="smartbytes.testng.testcases.DataProviderTest"/>
  <testcase name="addTest" time="0.000" classname="smartbytes.testng.testcases.DataProviderTest"/>
  <testcase name="subtractTest" time="0.009" classname="smartbytes.testng.testcases.DataProviderTest"/>
  <testcase name="subtractTest" time="0.000" classname="smartbytes.testng.testcases.DataProviderTest"/>
  <testcase name="subtractTest" time="0.001" classname="smartbytes.testng.testcases.DataProviderTest"/>
  <testcase name="subtractTest" time="0.000" classname="smartbytes.testng.testcases.DataProviderTest"/>
  <testcase name="subtractTest" time="0.000" classname="smartbytes.testng.testcases.DataProviderTest"/>
  <testcase name="subtractTest" time="0.000" classname="smartbytes.testng.testcases.DataProviderTest"/>
  <testcase name="addTest" time="0.000" classname="smartbytes.testng.testcases.DataProviderTest"/>
  <testcase name="subtractTest" time="0.001" classname="smartbytes.testng.testcases.DataProviderTest"/>
  <testcase name="addTest" time="0.000" classname="smartbytes.testng.testcases.DataProviderTest"/>
  <testcase name="addTest" time="0.002" classname="smartbytes.testng.testcases.DataProviderTest"/>
  <testcase name="addTest" time="0.000" classname="smartbytes.testng.testcases.DataProviderTest"/>
  <testcase name="addTest" time="0.000" classname="smartbytes.testng.testcases.DataProviderTest"/>
  <testcase name="subtractTest" time="0.000" classname="smartbytes.testng.testcases.DataProviderTest"/>
  <testcase name="subtractTest" time="0.001" classname="smartbytes.testng.testcases.DataProviderTest"/>
  <testcase name="addTest" time="0.000" classname="smartbytes.testng.testcases.DataProviderTest"/>
  <testcase name="subtractTest" time="0.000" classname="smartbytes.testng.testcases.DataProviderTest"/>
  <testcase name="subtractTest" time="0.000" classname="smartbytes.testng.testcases.DataProviderTest"/>
  <testcase name="subtractTest" time="0.000" classname="smartbytes.testng.testcases.DataProviderTest"/>
  <testcase name="addTest" time="0.000" classname="smartbytes.testng.testcases.DataProviderTest"/>
  <testcase name="subtractTest" time="0.000" classname="smartbytes.testng.testcases.DataProviderTest"/>
  <testcase name="addTest" time="0.001" classname="smartbytes.testng.testcases.DataProviderTest"/>
  <testcase name="subtractTest" time="0.001" classname="smartbytes.testng.testcases.DataProviderTest"/>
  <testcase name="subtractTest" time="0.001" classname="smartbytes.testng.testcases.DataProviderTest"/>
  <testcase name="addTest" time="0.000" classname="smartbytes.testng.testcases.DataProviderTest"/>
  <testcase name="addTest" time="0.001" classname="smartbytes.testng.testcases.DataProviderTest"/>
  <testcase name="subtractTest" time="0.000" classname="smartbytes.testng.testcases.DataProviderTest"/>
  <testcase name="subtractTest" time="0.000" classname="smartbytes.testng.testcases.DataProviderTest"/>
  <testcase name="subtractTest" time="0.000" classname="smartbytes.testng.testcases.DataProviderTest"/>
  <testcase name="subtractTest" time="0.000" classname="smartbytes.testng.testcases.DataProviderTest"/>
  <testcase name="subtractTest" time="0.000" classname="smartbytes.testng.testcases.DataProviderTest"/>
  <testcase name="addTest" time="0.000" classname="smartbytes.testng.testcases.DataProviderTest"/>
  <testcase name="addTest" time="0.000" classname="smartbytes.testng.testcases.DataProviderTest"/>
  <testcase name="addTest" time="0.000" classname="smartbytes.testng.testcases.DataProviderTest"/>
</testsuite> <!-- smartbytes.testng.testcases.DataProviderTest -->
