<?xml version="1.0" encoding="UTF-8"?>
<!-- Generated by org.testng.reporters.JUnitReportReporter -->
<testsuite skipped="0" hostname="Sashi.local" name="smartbytes.testng.testcases.CalculatorTest" tests="5" failures="0" timestamp="20 Jun 2020 08:08:14 GMT" time="0.074" errors="0">
  <testcase name="subtractTest" time="0.027" classname="smartbytes.testng.testcases.CalculatorTest"/>
  <testcase name="addTest" time="0.018" classname="smartbytes.testng.testcases.CalculatorTest"/>
  <testcase name="multiplyTest" time="0.001" classname="smartbytes.testng.testcases.CalculatorTest"/>
  <testcase name="addTest" time="0.027" classname="smartbytes.testng.testcases.CalculatorTest"/>
  <testcase name="subtractTest" time="0.001" classname="smartbytes.testng.testcases.CalculatorTest"/>
</testsuite> <!-- smartbytes.testng.testcases.CalculatorTest -->
