<?xml version="1.0" encoding="UTF-8"?>
<!-- Generated by org.testng.reporters.JUnitReportReporter -->
<testsuite skipped="0" hostname="Sashi.local" name="smartbytes.testng.testcases.AuthenticationTest" tests="3" failures="0" timestamp="20 Jun 2020 08:08:19 GMT" time="0.002" errors="0">
  <testcase name="create_employee_test" time="0.001" classname="smartbytes.testng.testcases.AuthenticationTest"/>
  <testcase name="delete_employee_test" time="0.001" classname="smartbytes.testng.testcases.AuthenticationTest"/>
  <testcase name="update_employee_test" time="0.000" classname="smartbytes.testng.testcases.AuthenticationTest"/>
</testsuite> <!-- smartbytes.testng.testcases.AuthenticationTest -->
