<?xml version="1.0" encoding="UTF-8"?>
<!-- Generated by org.testng.reporters.JUnitReportReporter -->
<testsuite skipped="0" hostname="Sashi.local" name="smartbytes.testng.testcases.LoginTest" tests="1" failures="0" timestamp="20 Jun 2020 08:08:04 GMT" time="0.007" errors="0">
  <testcase name="login_test" time="0.007" classname="smartbytes.testng.testcases.LoginTest"/>
</testsuite> <!-- smartbytes.testng.testcases.LoginTest -->
